1672095368611	geckodriver	INFO	Listening on 127.0.0.1:61367
1672095371663	mozrunner::runner	INFO	Running command: "C:\\Program Files\\Mozilla Firefox\\firefox.exe" "--marionette" "-no-remote" "-profile" "C:\\Users\\12034\\AppData\\Local\\Temp\\rust_mozprofileHFZfk4"
1672095372261	Marionette	INFO	Marionette enabled
1672095372266	Marionette	INFO	Listening on port 61379
Read port: 61379
1672095372613	RemoteAgent	WARN	TLS certificate errors will be ignored for this session
console.warn: SearchSettings: "get: No settings file exists, new profile?" (new NotFoundError("Could not open the file at C:\\Users\\12034\\AppData\\Local\\Temp\\rust_mozprofileHFZfk4\\search.json.mozlz4", (void 0)))
JavaScript warning: https://pagead2.googlesyndication.com/bg/Jk7fixpOLBqPs8Ll1CI4HFyikeoml7Ub_Y2jZpe5d_o.js line 2 > eval line 1521 > eval line 1 > eval line 1 > eval, line 1: WEBGL_debug_renderer_info is deprecated in Firefox and will be removed. Please use RENDERER.
JavaScript warning: https://pagead2.googlesyndication.com/bg/Jk7fixpOLBqPs8Ll1CI4HFyikeoml7Ub_Y2jZpe5d_o.js line 2 > eval line 1293 > eval line 1 > eval line 1 > eval, line 1: WEBGL_debug_renderer_info is deprecated in Firefox and will be removed. Please use RENDERER.
JavaScript error: , line 0: uncaught exception: 7
JavaScript warning: https://pagead2.googlesyndication.com/bg/Jk7fixpOLBqPs8Ll1CI4HFyikeoml7Ub_Y2jZpe5d_o.js line 2 > eval line 6921 > eval line 1 > eval line 1 > eval, line 1: WEBGL_debug_renderer_info is deprecated in Firefox and will be removed. Please use RENDERER.
1672095383246	Marionette	WARN	TimedPromise timed out after 500 ms: stacktrace:
TimedPromise/<@chrome://remote/content/marionette/sync.sys.mjs:219:24
TimedPromise@chrome://remote/content/marionette/sync.sys.mjs:204:10
interaction.flushEventLoop@chrome://remote/content/marionette/interaction.sys.mjs:425:10
webdriverClickElement@chrome://remote/content/marionette/interaction.sys.mjs:173:31
1672095383961	Marionette	WARN	TimedPromise timed out after 500 ms: stacktrace:
TimedPromise/<@chrome://remote/content/marionette/sync.sys.mjs:219:24
TimedPromise@chrome://remote/content/marionette/sync.sys.mjs:204:10
interaction.flushEventLoop@chrome://remote/content/marionette/interaction.sys.mjs:425:10
webdriverClickElement@chrome://remote/content/marionette/interaction.sys.mjs:173:31
JavaScript error: resource://gre/actors/AudioPlaybackParent.jsm, line 24: TypeError: browser is null
1672095384871	Marionette	INFO	Stopped listening on port 61379
JavaScript error: , line 0: TypeError: NetworkError when attempting to fetch resource.
JavaScript error: , line 0: TypeError: NetworkError when attempting to fetch resource.
JavaScript error: chrome://remote/content/marionette/cert.sys.mjs, line 51: NS_ERROR_NOT_AVAILABLE: Component returned failure code: 0x80040111 (NS_ERROR_NOT_AVAILABLE) [nsICertOverrideService.setDisableAllSecurityChecksAndLetAttackersInterceptMyData]
